/*C2*/SET SCHEMA PUBLIC
DELETE FROM "mendixsystem$version" WHERE "versionnumber"='4.2'
INSERT INTO "mendixsystem$version" VALUES('4.2','2024-06-28 16:08:12.310000','4.1.0','unversioned','AppLocalTest','9.24.23.37735')
COMMIT
DELETE FROM "mendixsystem$entityidentifier" WHERE "id"='d4154981-8dac-4150-aec5-efa3ef62a7a2'
INSERT INTO "mendixsystem$entityidentifier" VALUES('d4154981-8dac-4150-aec5-efa3ef62a7a2',5,901)
COMMIT
INSERT INTO "system$xasinstance" VALUES(1407374883655888,'39c11440-d94f-49fe-97e1-2886bb775eb0','2024-06-29 17:59:55.492000',NULL,NULL,NULL,'2024-06-29 17:59:55.485000')
COMMIT
DELETE FROM "system$userrole" WHERE "id"=5066549580792015
INSERT INTO "system$userrole" VALUES(5066549580792015,'8dd52bfa-6d7e-453b-b506-303c0a3d9567','Administrator','')
DELETE FROM "system$userrole" WHERE "id"=5066549580792084
INSERT INTO "system$userrole" VALUES(5066549580792084,'53f5d6fa-6da9-4a71-b011-454ec052cce8','User','')
COMMIT
DELETE FROM "mendixsystem$properties" WHERE "key"='Mendix.Runtime.DeploymentID'
INSERT INTO "mendixsystem$properties" VALUES('Mendix.Runtime.DeploymentID','638552843838056811')
COMMIT
DELETE FROM "system$session" WHERE "id"=11540474045175530
DELETE FROM "system$session_user" WHERE "system$sessionid"=11540474045175530 AND "system$userid"=844424930170555
COMMIT
/*C3*/SET SCHEMA PUBLIC
DELETE FROM "system$user" WHERE "id"=844424930170555
DELETE FROM "system$userroles" WHERE "system$userid"=844424930170555 AND "system$userroleid"=5066549580792015
DELETE FROM "system$user_language" WHERE "system$userid"=844424930170555 AND "system$languageid"=12947848928690347
COMMIT
DELETE FROM "mendixsystem$entityidentifier" WHERE "id"='c6c131c8-8779-4213-9b26-a64e141f26a8'
INSERT INTO "mendixsystem$entityidentifier" VALUES('c6c131c8-8779-4213-9b26-a64e141f26a8',28,1401)
COMMIT
ALTER SEQUENCE PUBLIC."system$queuedtask_sequence_mxseq" RESTART WITH 801
INSERT INTO "system$queuedtask" VALUES(7881299348065013,800,'Idle','59651013-f9bc-4fc1-b435-276439b07899','System.ScheduledEventsQueue','System',NULL,NULL,'ClusterManagement-PopulateFileDocumentSizes','[]',NULL,NULL,'2024-06-29 17:59:56.170000','2024-06-29 18:00:01.154000',NULL,0,'{"interval":3600000,"triesLeft":12,"type":"fixed"}',NULL,NULL)
COMMIT
DELETE FROM "system$queuedtask" WHERE "id"=7881299348052458
INSERT INTO "system$queuedtask" VALUES(7881299348052458,799,'Idle','59651013-f9bc-4fc1-b435-276439b07899','System.ScheduledEventsQueue','ScheduledEvent',NULL,NULL,'ClusterManagement-UnblockUsers','[]',NULL,NULL,'2024-06-29 17:58:19.995000','2024-06-29 18:00:01.194000',NULL,0,NULL,'ClusterManagement-UnblockUsers',NULL)
DELETE FROM "system$queuedtask" WHERE "id"=7881299348052307
INSERT INTO "system$queuedtask" VALUES(7881299348052307,797,'Idle','59651013-f9bc-4fc1-b435-276439b07899','System.ScheduledEventsQueue','ScheduledEvent',NULL,NULL,'ClusterManagement-CleanupSessions','[]',NULL,NULL,'2024-06-29 17:58:15.953000','2024-06-29 17:59:57.194000',NULL,0,NULL,'ClusterManagement-CleanupSessions',NULL)
DELETE FROM "system$queuedtask" WHERE "id"=7881299348052215
INSERT INTO "system$queuedtask" VALUES(7881299348052215,798,'Idle','59651013-f9bc-4fc1-b435-276439b07899','System.ScheduledEventsQueue','ScheduledEvent',NULL,NULL,'ClusterManagement-CleanupBackgroundJobs','[]',NULL,NULL,'2024-06-29 17:58:15.953000','2024-06-29 17:59:57.193000',NULL,0,NULL,'ClusterManagement-CleanupBackgroundJobs',NULL)
DELETE FROM "system$queuedtask" WHERE "id"=7881299348051716
INSERT INTO "system$queuedtask" VALUES(7881299348051716,795,'Idle','59651013-f9bc-4fc1-b435-276439b07899','System.ScheduledEventsQueue','ScheduledEvent',NULL,NULL,'ClusterManagement-CleanupOfflineSyncHistory','[]',NULL,NULL,'2024-06-29 17:58:15.951000','2024-06-29 17:59:57.194000',NULL,0,NULL,'ClusterManagement-CleanupOfflineSyncHistory',NULL)
DELETE FROM "system$queuedtask" WHERE "id"=7881299348051691
INSERT INTO "system$queuedtask" VALUES(7881299348051691,793,'Idle','59651013-f9bc-4fc1-b435-276439b07899','System.ScheduledEventsQueue','ScheduledEvent',NULL,NULL,'ClusterManagement-CleanupOrphanedFiles','[]',NULL,NULL,'2024-06-29 17:56:36.064000','2024-06-29 18:03:17.194000',NULL,0,NULL,'ClusterManagement-CleanupOrphanedFiles',NULL)
DELETE FROM "system$queuedtask" WHERE "id"=7881299348051507
INSERT INTO "system$queuedtask" VALUES(7881299348051507,792,'Idle','59651013-f9bc-4fc1-b435-276439b07899','System.ScheduledEventsQueue','ScheduledEvent',NULL,NULL,'ClusterManagement-MigrateOldFiles','[]',NULL,NULL,'2024-06-29 17:54:56.230000','2024-06-29 18:01:37.194000',NULL,0,NULL,'ClusterManagement-MigrateOldFiles',NULL)
DELETE FROM "system$queuedtask" WHERE "id"=7881299348052061
INSERT INTO "system$queuedtask" VALUES(7881299348052061,794,'Idle','59651013-f9bc-4fc1-b435-276439b07899','System.ScheduledEventsQueue','ScheduledEvent',NULL,NULL,'ClusterManagement-CleanupOfflineGUIDs','[]',NULL,NULL,'2024-06-29 17:58:15.951000','2024-06-29 17:59:57.194000',NULL,0,NULL,'ClusterManagement-CleanupOfflineGUIDs',NULL)
DELETE FROM "system$queuedtask" WHERE "id"=7881299348051879
INSERT INTO "system$queuedtask" VALUES(7881299348051879,796,'Idle','59651013-f9bc-4fc1-b435-276439b07899','System.ScheduledEventsQueue','ScheduledEvent',NULL,NULL,'ClusterManagement-CleanupTmpDocuments','[]',NULL,NULL,'2024-06-29 17:58:15.952000','2024-06-29 17:59:57.194000',NULL,0,NULL,'ClusterManagement-CleanupTmpDocuments',NULL)
COMMIT
/*C2*/DELETE FROM "system$xasinstance" WHERE "id"=1407374883655888
INSERT INTO "system$xasinstance" VALUES(1407374883655888,'39c11440-d94f-49fe-97e1-2886bb775eb0','2024-06-29 17:59:57.133000',NULL,NULL,NULL,'2024-06-29 17:59:55.485000')
COMMIT
DELETE FROM "system$queuedtask" WHERE "id"=7881299348052061
DELETE FROM "system$queuedtask" WHERE "id"=7881299348051716
DELETE FROM "system$queuedtask" WHERE "id"=7881299348051879
DELETE FROM "system$queuedtask" WHERE "id"=7881299348052307
DELETE FROM "system$queuedtask" WHERE "id"=7881299348052215
INSERT INTO "system$queuedtask" VALUES(7881299348052061,794,'Running','59651013-f9bc-4fc1-b435-276439b07899','System.ScheduledEventsQueue','ScheduledEvent',NULL,NULL,'ClusterManagement-CleanupOfflineGUIDs','[]','39c11440-d94f-49fe-97e1-2886bb775eb0',35,'2024-06-29 17:58:15.951000','2024-06-29 17:59:57.194000','2024-06-29 17:59:57.433000',0,NULL,'ClusterManagement-CleanupOfflineGUIDs',NULL)
INSERT INTO "system$queuedtask" VALUES(7881299348051716,795,'Running','59651013-f9bc-4fc1-b435-276439b07899','System.ScheduledEventsQueue','ScheduledEvent',NULL,NULL,'ClusterManagement-CleanupOfflineSyncHistory','[]','39c11440-d94f-49fe-97e1-2886bb775eb0',35,'2024-06-29 17:58:15.951000','2024-06-29 17:59:57.194000','2024-06-29 17:59:57.436000',0,NULL,'ClusterManagement-CleanupOfflineSyncHistory',NULL)
INSERT INTO "system$queuedtask" VALUES(7881299348051879,796,'Running','59651013-f9bc-4fc1-b435-276439b07899','System.ScheduledEventsQueue','ScheduledEvent',NULL,NULL,'ClusterManagement-CleanupTmpDocuments','[]','39c11440-d94f-49fe-97e1-2886bb775eb0',35,'2024-06-29 17:58:15.952000','2024-06-29 17:59:57.194000','2024-06-29 17:59:57.438000',0,NULL,'ClusterManagement-CleanupTmpDocuments',NULL)
INSERT INTO "system$queuedtask" VALUES(7881299348052307,797,'Running','59651013-f9bc-4fc1-b435-276439b07899','System.ScheduledEventsQueue','ScheduledEvent',NULL,NULL,'ClusterManagement-CleanupSessions','[]','39c11440-d94f-49fe-97e1-2886bb775eb0',35,'2024-06-29 17:58:15.953000','2024-06-29 17:59:57.194000','2024-06-29 17:59:57.439000',0,NULL,'ClusterManagement-CleanupSessions',NULL)
INSERT INTO "system$queuedtask" VALUES(7881299348052215,798,'Running','59651013-f9bc-4fc1-b435-276439b07899','System.ScheduledEventsQueue','ScheduledEvent',NULL,NULL,'ClusterManagement-CleanupBackgroundJobs','[]','39c11440-d94f-49fe-97e1-2886bb775eb0',35,'2024-06-29 17:58:15.953000','2024-06-29 17:59:57.193000','2024-06-29 17:59:57.440000',0,NULL,'ClusterManagement-CleanupBackgroundJobs',NULL)
COMMIT
/*C3*/ALTER SEQUENCE PUBLIC."system$queuedtask_sequence_mxseq" RESTART WITH 805
/*C4*/SET SCHEMA PUBLIC
ALTER SEQUENCE PUBLIC."system$queuedtask_sequence_mxseq" RESTART WITH 805
/*C5*/SET SCHEMA PUBLIC
ALTER SEQUENCE PUBLIC."system$queuedtask_sequence_mxseq" RESTART WITH 805
/*C2*/ALTER SEQUENCE PUBLIC."system$queuedtask_sequence_mxseq" RESTART WITH 805
/*C6*/SET SCHEMA PUBLIC
DELETE FROM "mendixsystem$entityidentifier" WHERE "id"='eb5c32a1-85ec-49d1-8bca-ecca779cd539'
INSERT INTO "mendixsystem$entityidentifier" VALUES('eb5c32a1-85ec-49d1-8bca-ecca779cd539',40,1401)
COMMIT
/*C7*/SET SCHEMA PUBLIC
ALTER SEQUENCE PUBLIC."system$queuedtask_sequence_mxseq" RESTART WITH 806
/*C5*/INSERT INTO "system$queuedtask" VALUES(7881299348065268,801,'Idle','59651013-f9bc-4fc1-b435-276439b07899','System.ScheduledEventsQueue','ScheduledEvent',NULL,NULL,'ClusterManagement-CleanupBackgroundJobs','[]',NULL,NULL,'2024-06-29 17:59:57.487000','2024-06-29 18:04:57.193000',NULL,0,NULL,'ClusterManagement-CleanupBackgroundJobs',NULL)
INSERT INTO "system$processedqueuetask" VALUES(11258999068592855,798,'Completed','59651013-f9bc-4fc1-b435-276439b07899','System.ScheduledEventsQueue','ScheduledEvent',NULL,NULL,'ClusterManagement-CleanupBackgroundJobs','[]','39c11440-d94f-49fe-97e1-2886bb775eb0',35,'2024-06-29 17:58:15.953000','2024-06-29 17:59:57.193000','2024-06-29 17:59:57.440000','2024-06-29 17:59:57.501000',61,0,NULL,'ClusterManagement-CleanupBackgroundJobs',NULL)
DELETE FROM "system$queuedtask" WHERE "id"=7881299348052215
COMMIT
/*C4*/INSERT INTO "system$queuedtask" VALUES(7881299348065069,802,'Idle','59651013-f9bc-4fc1-b435-276439b07899','System.ScheduledEventsQueue','ScheduledEvent',NULL,NULL,'ClusterManagement-CleanupTmpDocuments','[]',NULL,NULL,'2024-06-29 17:59:57.486000','2024-06-29 18:04:57.194000',NULL,0,NULL,'ClusterManagement-CleanupTmpDocuments',NULL)
INSERT INTO "system$processedqueuetask" VALUES(11258999068592959,796,'Completed','59651013-f9bc-4fc1-b435-276439b07899','System.ScheduledEventsQueue','ScheduledEvent',NULL,NULL,'ClusterManagement-CleanupTmpDocuments','[]','39c11440-d94f-49fe-97e1-2886bb775eb0',35,'2024-06-29 17:58:15.952000','2024-06-29 17:59:57.194000','2024-06-29 17:59:57.438000','2024-06-29 17:59:57.501000',63,0,NULL,'ClusterManagement-CleanupTmpDocuments',NULL)
DELETE FROM "system$queuedtask" WHERE "id"=7881299348051879
COMMIT
/*C3*/INSERT INTO "system$queuedtask" VALUES(7881299348065342,804,'Idle','59651013-f9bc-4fc1-b435-276439b07899','System.ScheduledEventsQueue','ScheduledEvent',NULL,NULL,'ClusterManagement-CleanupOfflineGUIDs','[]',NULL,NULL,'2024-06-29 17:59:57.487000','2024-06-29 18:04:57.194000',NULL,0,NULL,'ClusterManagement-CleanupOfflineGUIDs',NULL)
INSERT INTO "system$processedqueuetask" VALUES(11258999068593202,794,'Completed','59651013-f9bc-4fc1-b435-276439b07899','System.ScheduledEventsQueue','ScheduledEvent',NULL,NULL,'ClusterManagement-CleanupOfflineGUIDs','[]','39c11440-d94f-49fe-97e1-2886bb775eb0',35,'2024-06-29 17:58:15.951000','2024-06-29 17:59:57.194000','2024-06-29 17:59:57.433000','2024-06-29 17:59:57.501000',68,0,NULL,'ClusterManagement-CleanupOfflineGUIDs',NULL)
DELETE FROM "system$queuedtask" WHERE "id"=7881299348052061
COMMIT
/*C7*/INSERT INTO "system$queuedtask" VALUES(7881299348065617,805,'Idle','59651013-f9bc-4fc1-b435-276439b07899','System.ScheduledEventsQueue','ScheduledEvent',NULL,NULL,'ClusterManagement-CleanupSessions','[]',NULL,NULL,'2024-06-29 17:59:57.501000','2024-06-29 18:04:57.194000',NULL,0,NULL,'ClusterManagement-CleanupSessions',NULL)
INSERT INTO "system$processedqueuetask" VALUES(11258999068593343,797,'Completed','59651013-f9bc-4fc1-b435-276439b07899','System.ScheduledEventsQueue','ScheduledEvent',NULL,NULL,'ClusterManagement-CleanupSessions','[]','39c11440-d94f-49fe-97e1-2886bb775eb0',35,'2024-06-29 17:58:15.953000','2024-06-29 17:59:57.194000','2024-06-29 17:59:57.439000','2024-06-29 17:59:57.503000',64,0,NULL,'ClusterManagement-CleanupSessions',NULL)
DELETE FROM "system$queuedtask" WHERE "id"=7881299348052307
COMMIT
/*C2*/INSERT INTO "system$queuedtask" VALUES(7881299348065433,803,'Idle','59651013-f9bc-4fc1-b435-276439b07899','System.ScheduledEventsQueue','ScheduledEvent',NULL,NULL,'ClusterManagement-CleanupOfflineSyncHistory','[]',NULL,NULL,'2024-06-29 17:59:57.487000','2024-06-29 18:04:57.194000',NULL,0,NULL,'ClusterManagement-CleanupOfflineSyncHistory',NULL)
INSERT INTO "system$processedqueuetask" VALUES(11258999068593050,795,'Completed','59651013-f9bc-4fc1-b435-276439b07899','System.ScheduledEventsQueue','ScheduledEvent',NULL,NULL,'ClusterManagement-CleanupOfflineSyncHistory','[]','39c11440-d94f-49fe-97e1-2886bb775eb0',35,'2024-06-29 17:58:15.951000','2024-06-29 17:59:57.194000','2024-06-29 17:59:57.436000','2024-06-29 17:59:57.501000',65,0,NULL,'ClusterManagement-CleanupOfflineSyncHistory',NULL)
DELETE FROM "system$queuedtask" WHERE "id"=7881299348051716
COMMIT
DELETE FROM "mendixsystem$entityidentifier" WHERE "id"='282e2e60-88a5-469d-84a5-ba8d9151644f'
INSERT INTO "mendixsystem$entityidentifier" VALUES('282e2e60-88a5-469d-84a5-ba8d9151644f',3,501)
COMMIT
/*C7*/INSERT INTO "system$user" VALUES(844424930183340,'Anonymous_c2a6f46c-6741-4b47-9f46-496841536b79','{BCrypt}$2a$10$Y3wCo4oV4yNuMUg1w77j1edmAiWg2SvGG3APzTSQjcTdtrv8/xMSS','2024-06-29 17:59:58.431000',FALSE,NULL,TRUE,0,FALSE,TRUE,'2024-06-29 17:59:58.336000','2024-06-29 17:59:58.336000','System.User',NULL,844424930183340)
INSERT INTO "system$userroles" VALUES(844424930183340,5066549580792015)
INSERT INTO "system$user_language" VALUES(844424930183340,12947848928690347)
COMMIT
DELETE FROM "system$user" WHERE "id"=844424930183340
INSERT INTO "system$user" VALUES(844424930183340,'Anonymous_c2a6f46c-6741-4b47-9f46-496841536b79','{BCrypt}$2a$10$Y3wCo4oV4yNuMUg1w77j1edmAiWg2SvGG3APzTSQjcTdtrv8/xMSS','2024-06-29 17:59:58.466000',FALSE,NULL,TRUE,0,FALSE,TRUE,'2024-06-29 17:59:58.336000','2024-06-29 17:59:58.336000','System.User',NULL,844424930183340)
COMMIT
/*C3*/DELETE FROM "mendixsystem$entityidentifier" WHERE "id"='37f9fd49-5318-4c63-9a51-f761779b202f'
INSERT INTO "mendixsystem$entityidentifier" VALUES('37f9fd49-5318-4c63-9a51-f761779b202f',41,501)
COMMIT
INSERT INTO "system$session" VALUES(11540474045188338,'c7119d27-2564-4659-9811-3645ab897810','04fd3421-b2a8-47ce-90c4-0dfac33b9458','2024-06-29 17:59:58.504000',FALSE,'e52fcb55-d77c-43ac-8a23-ab5b196fa9e3',NULL,'2024-06-29 17:59:58.504000')
INSERT INTO "system$session_user" VALUES(11540474045188338,844424930183340)
COMMIT
DELETE FROM "system$session" WHERE "id"=11540474045188338
INSERT INTO "system$session" VALUES(11540474045188338,'c7119d27-2564-4659-9811-3645ab897810','04fd3421-b2a8-47ce-90c4-0dfac33b9458','2024-06-29 17:59:58.504000',FALSE,'e52fcb55-d77c-43ac-8a23-ab5b196fa9e3',NULL,'2024-06-29 17:59:58.504000')
COMMIT
/*C2*/DELETE FROM "system$queuedtask" WHERE "id"=7881299348052458
DELETE FROM "system$queuedtask" WHERE "id"=7881299348065013
INSERT INTO "system$queuedtask" VALUES(7881299348052458,799,'Running','59651013-f9bc-4fc1-b435-276439b07899','System.ScheduledEventsQueue','ScheduledEvent',NULL,NULL,'ClusterManagement-UnblockUsers','[]','39c11440-d94f-49fe-97e1-2886bb775eb0',35,'2024-06-29 17:58:19.995000','2024-06-29 18:00:01.194000','2024-06-29 18:00:01.581000',0,NULL,'ClusterManagement-UnblockUsers',NULL)
INSERT INTO "system$queuedtask" VALUES(7881299348065013,800,'Running','59651013-f9bc-4fc1-b435-276439b07899','System.ScheduledEventsQueue','System',NULL,NULL,'ClusterManagement-PopulateFileDocumentSizes','[]','39c11440-d94f-49fe-97e1-2886bb775eb0',35,'2024-06-29 17:59:56.170000','2024-06-29 18:00:01.154000','2024-06-29 18:00:01.582000',0,'{"interval":3600000,"triesLeft":12,"type":"fixed"}',NULL,NULL)
COMMIT
/*C3*/ALTER SEQUENCE PUBLIC."system$queuedtask_sequence_mxseq" RESTART WITH 807
INSERT INTO "system$processedqueuetask" VALUES(11258999068593493,800,'Completed','59651013-f9bc-4fc1-b435-276439b07899','System.ScheduledEventsQueue','System',NULL,NULL,'ClusterManagement-PopulateFileDocumentSizes','[]','39c11440-d94f-49fe-97e1-2886bb775eb0',35,'2024-06-29 17:59:56.170000','2024-06-29 18:00:01.154000','2024-06-29 18:00:01.582000','2024-06-29 18:00:01.593000',11,0,NULL,NULL,NULL)
DELETE FROM "system$queuedtask" WHERE "id"=7881299348065013
COMMIT
/*C2*/INSERT INTO "system$queuedtask" VALUES(7881299348065746,806,'Idle','59651013-f9bc-4fc1-b435-276439b07899','System.ScheduledEventsQueue','ScheduledEvent',NULL,NULL,'ClusterManagement-UnblockUsers','[]',NULL,NULL,'2024-06-29 18:00:01.593000','2024-06-29 18:05:01.194000',NULL,0,NULL,'ClusterManagement-UnblockUsers',NULL)
INSERT INTO "system$processedqueuetask" VALUES(11258999068593551,799,'Completed','59651013-f9bc-4fc1-b435-276439b07899','System.ScheduledEventsQueue','ScheduledEvent',NULL,NULL,'ClusterManagement-UnblockUsers','[]','39c11440-d94f-49fe-97e1-2886bb775eb0',35,'2024-06-29 17:58:19.995000','2024-06-29 18:00:01.194000','2024-06-29 18:00:01.581000','2024-06-29 18:00:01.594000',13,0,NULL,'ClusterManagement-UnblockUsers',NULL)
DELETE FROM "system$queuedtask" WHERE "id"=7881299348052458
COMMIT
DELETE FROM "mendixsystem$entityidentifier" WHERE "id"='6554f547-2c11-4357-9f2d-cdcb128099c6'
INSERT INTO "mendixsystem$entityidentifier" VALUES('6554f547-2c11-4357-9f2d-cdcb128099c6',49,301)
COMMIT
/*C7*/DELETE FROM "system$session" WHERE "id"=11540474045188338
INSERT INTO "system$session" VALUES(11540474045188338,'c7119d27-2564-4659-9811-3645ab897810','04fd3421-b2a8-47ce-90c4-0dfac33b9458','2024-06-29 18:01:19.659000',FALSE,'e52fcb55-d77c-43ac-8a23-ab5b196fa9e3',NULL,'2024-06-29 17:59:58.504000')
COMMIT
DELETE FROM "system$queuedtask" WHERE "id"=7881299348051507
INSERT INTO "system$queuedtask" VALUES(7881299348051507,792,'Running','59651013-f9bc-4fc1-b435-276439b07899','System.ScheduledEventsQueue','ScheduledEvent',NULL,NULL,'ClusterManagement-MigrateOldFiles','[]','39c11440-d94f-49fe-97e1-2886bb775eb0',35,'2024-06-29 17:54:56.230000','2024-06-29 18:01:37.194000','2024-06-29 18:01:37.638000',0,NULL,'ClusterManagement-MigrateOldFiles',NULL)
COMMIT
INSERT INTO "system$queuedtask" VALUES(7881299348065908,807,'Idle','59651013-f9bc-4fc1-b435-276439b07899','System.ScheduledEventsQueue','ScheduledEvent',NULL,NULL,'ClusterManagement-MigrateOldFiles','[]',NULL,NULL,'2024-06-29 18:01:37.641000','2024-06-29 18:06:37.194000',NULL,0,NULL,'ClusterManagement-MigrateOldFiles',NULL)
INSERT INTO "system$processedqueuetask" VALUES(11258999068593694,792,'Completed','59651013-f9bc-4fc1-b435-276439b07899','System.ScheduledEventsQueue','ScheduledEvent',NULL,NULL,'ClusterManagement-MigrateOldFiles','[]','39c11440-d94f-49fe-97e1-2886bb775eb0',35,'2024-06-29 17:54:56.230000','2024-06-29 18:01:37.194000','2024-06-29 18:01:37.638000','2024-06-29 18:01:37.643000',5,0,NULL,'ClusterManagement-MigrateOldFiles',NULL)
DELETE FROM "system$queuedtask" WHERE "id"=7881299348051507
COMMIT
/*C2*/ALTER SEQUENCE PUBLIC."system$queuedtask_sequence_mxseq" RESTART WITH 808
/*C7*/DELETE FROM "system$queuedtask" WHERE "id"=7881299348051691
INSERT INTO "system$queuedtask" VALUES(7881299348051691,793,'Running','59651013-f9bc-4fc1-b435-276439b07899','System.ScheduledEventsQueue','ScheduledEvent',NULL,NULL,'ClusterManagement-CleanupOrphanedFiles','[]','39c11440-d94f-49fe-97e1-2886bb775eb0',35,'2024-06-29 17:56:36.064000','2024-06-29 18:03:17.194000','2024-06-29 18:03:17.574000',0,NULL,'ClusterManagement-CleanupOrphanedFiles',NULL)
COMMIT
ALTER SEQUENCE PUBLIC."system$queuedtask_sequence_mxseq" RESTART WITH 809
INSERT INTO "system$queuedtask" VALUES(7881299348065965,808,'Idle','59651013-f9bc-4fc1-b435-276439b07899','System.ScheduledEventsQueue','ScheduledEvent',NULL,NULL,'ClusterManagement-CleanupOrphanedFiles','[]',NULL,NULL,'2024-06-29 18:03:17.587000','2024-06-29 18:08:17.194000',NULL,0,NULL,'ClusterManagement-CleanupOrphanedFiles',NULL)
INSERT INTO "system$processedqueuetask" VALUES(11258999068593890,793,'Completed','59651013-f9bc-4fc1-b435-276439b07899','System.ScheduledEventsQueue','ScheduledEvent',NULL,NULL,'ClusterManagement-CleanupOrphanedFiles','[]','39c11440-d94f-49fe-97e1-2886bb775eb0',35,'2024-06-29 17:56:36.064000','2024-06-29 18:03:17.194000','2024-06-29 18:03:17.574000','2024-06-29 18:03:17.588000',14,0,NULL,'ClusterManagement-CleanupOrphanedFiles',NULL)
DELETE FROM "system$queuedtask" WHERE "id"=7881299348051691
COMMIT
DELETE FROM "system$xasinstance" WHERE "id"=1407374883655888
INSERT INTO "system$xasinstance" VALUES(1407374883655888,'39c11440-d94f-49fe-97e1-2886bb775eb0','2024-06-29 18:04:57.145000',NULL,NULL,NULL,'2024-06-29 17:59:55.485000')
COMMIT
DELETE FROM "system$queuedtask" WHERE "id"=7881299348065268
DELETE FROM "system$queuedtask" WHERE "id"=7881299348065069
DELETE FROM "system$queuedtask" WHERE "id"=7881299348065433
DELETE FROM "system$queuedtask" WHERE "id"=7881299348065342
DELETE FROM "system$queuedtask" WHERE "id"=7881299348065617
INSERT INTO "system$queuedtask" VALUES(7881299348065268,801,'Running','59651013-f9bc-4fc1-b435-276439b07899','System.ScheduledEventsQueue','ScheduledEvent',NULL,NULL,'ClusterManagement-CleanupBackgroundJobs','[]','39c11440-d94f-49fe-97e1-2886bb775eb0',35,'2024-06-29 17:59:57.487000','2024-06-29 18:04:57.193000','2024-06-29 18:04:57.383000',0,NULL,'ClusterManagement-CleanupBackgroundJobs',NULL)
INSERT INTO "system$queuedtask" VALUES(7881299348065069,802,'Running','59651013-f9bc-4fc1-b435-276439b07899','System.ScheduledEventsQueue','ScheduledEvent',NULL,NULL,'ClusterManagement-CleanupTmpDocuments','[]','39c11440-d94f-49fe-97e1-2886bb775eb0',35,'2024-06-29 17:59:57.486000','2024-06-29 18:04:57.194000','2024-06-29 18:04:57.384000',0,NULL,'ClusterManagement-CleanupTmpDocuments',NULL)
INSERT INTO "system$queuedtask" VALUES(7881299348065433,803,'Running','59651013-f9bc-4fc1-b435-276439b07899','System.ScheduledEventsQueue','ScheduledEvent',NULL,NULL,'ClusterManagement-CleanupOfflineSyncHistory','[]','39c11440-d94f-49fe-97e1-2886bb775eb0',35,'2024-06-29 17:59:57.487000','2024-06-29 18:04:57.194000','2024-06-29 18:04:57.384000',0,NULL,'ClusterManagement-CleanupOfflineSyncHistory',NULL)
INSERT INTO "system$queuedtask" VALUES(7881299348065342,804,'Running','59651013-f9bc-4fc1-b435-276439b07899','System.ScheduledEventsQueue','ScheduledEvent',NULL,NULL,'ClusterManagement-CleanupOfflineGUIDs','[]','39c11440-d94f-49fe-97e1-2886bb775eb0',35,'2024-06-29 17:59:57.487000','2024-06-29 18:04:57.194000','2024-06-29 18:04:57.384000',0,NULL,'ClusterManagement-CleanupOfflineGUIDs',NULL)
INSERT INTO "system$queuedtask" VALUES(7881299348065617,805,'Running','59651013-f9bc-4fc1-b435-276439b07899','System.ScheduledEventsQueue','ScheduledEvent',NULL,NULL,'ClusterManagement-CleanupSessions','[]','39c11440-d94f-49fe-97e1-2886bb775eb0',35,'2024-06-29 17:59:57.501000','2024-06-29 18:04:57.194000','2024-06-29 18:04:57.385000',0,NULL,'ClusterManagement-CleanupSessions',NULL)
COMMIT
ALTER SEQUENCE PUBLIC."system$queuedtask_sequence_mxseq" RESTART WITH 813
/*C5*/ALTER SEQUENCE PUBLIC."system$queuedtask_sequence_mxseq" RESTART WITH 813
/*C4*/ALTER SEQUENCE PUBLIC."system$queuedtask_sequence_mxseq" RESTART WITH 813
/*C2*/ALTER SEQUENCE PUBLIC."system$queuedtask_sequence_mxseq" RESTART WITH 814
/*C5*/INSERT INTO "system$queuedtask" VALUES(7881299348066049,812,'Idle','59651013-f9bc-4fc1-b435-276439b07899','System.ScheduledEventsQueue','ScheduledEvent',NULL,NULL,'ClusterManagement-CleanupBackgroundJobs','[]',NULL,NULL,'2024-06-29 18:04:57.388000','2024-06-29 18:09:57.193000',NULL,0,NULL,'ClusterManagement-CleanupBackgroundJobs',NULL)
INSERT INTO "system$processedqueuetask" VALUES(11258999068594320,801,'Completed','59651013-f9bc-4fc1-b435-276439b07899','System.ScheduledEventsQueue','ScheduledEvent',NULL,NULL,'ClusterManagement-CleanupBackgroundJobs','[]','39c11440-d94f-49fe-97e1-2886bb775eb0',35,'2024-06-29 17:59:57.487000','2024-06-29 18:04:57.193000','2024-06-29 18:04:57.383000','2024-06-29 18:04:57.390000',7,0,NULL,'ClusterManagement-CleanupBackgroundJobs',NULL)
DELETE FROM "system$queuedtask" WHERE "id"=7881299348065268
COMMIT
/*C7*/INSERT INTO "system$queuedtask" VALUES(7881299348066196,810,'Idle','59651013-f9bc-4fc1-b435-276439b07899','System.ScheduledEventsQueue','ScheduledEvent',NULL,NULL,'ClusterManagement-CleanupOfflineGUIDs','[]',NULL,NULL,'2024-06-29 18:04:57.388000','2024-06-29 18:09:57.194000',NULL,0,NULL,'ClusterManagement-CleanupOfflineGUIDs',NULL)
INSERT INTO "system$processedqueuetask" VALUES(11258999068594237,804,'Completed','59651013-f9bc-4fc1-b435-276439b07899','System.ScheduledEventsQueue','ScheduledEvent',NULL,NULL,'ClusterManagement-CleanupOfflineGUIDs','[]','39c11440-d94f-49fe-97e1-2886bb775eb0',35,'2024-06-29 17:59:57.487000','2024-06-29 18:04:57.194000','2024-06-29 18:04:57.384000','2024-06-29 18:04:57.390000',6,0,NULL,'ClusterManagement-CleanupOfflineGUIDs',NULL)
DELETE FROM "system$queuedtask" WHERE "id"=7881299348065342
COMMIT
/*C4*/INSERT INTO "system$queuedtask" VALUES(7881299348066522,811,'Idle','59651013-f9bc-4fc1-b435-276439b07899','System.ScheduledEventsQueue','ScheduledEvent',NULL,NULL,'ClusterManagement-CleanupTmpDocuments','[]',NULL,NULL,'2024-06-29 18:04:57.388000','2024-06-29 18:09:57.194000',NULL,0,NULL,'ClusterManagement-CleanupTmpDocuments',NULL)
INSERT INTO "system$processedqueuetask" VALUES(11258999068594078,802,'Completed','59651013-f9bc-4fc1-b435-276439b07899','System.ScheduledEventsQueue','ScheduledEvent',NULL,NULL,'ClusterManagement-CleanupTmpDocuments','[]','39c11440-d94f-49fe-97e1-2886bb775eb0',35,'2024-06-29 17:59:57.486000','2024-06-29 18:04:57.194000','2024-06-29 18:04:57.384000','2024-06-29 18:04:57.390000',6,0,NULL,'ClusterManagement-CleanupTmpDocuments',NULL)
DELETE FROM "system$queuedtask" WHERE "id"=7881299348065069
COMMIT
/*C3*/INSERT INTO "system$queuedtask" VALUES(7881299348066334,809,'Idle','59651013-f9bc-4fc1-b435-276439b07899','System.ScheduledEventsQueue','ScheduledEvent',NULL,NULL,'ClusterManagement-CleanupOfflineSyncHistory','[]',NULL,NULL,'2024-06-29 18:04:57.388000','2024-06-29 18:09:57.194000',NULL,0,NULL,'ClusterManagement-CleanupOfflineSyncHistory',NULL)
INSERT INTO "system$processedqueuetask" VALUES(11258999068593965,803,'Completed','59651013-f9bc-4fc1-b435-276439b07899','System.ScheduledEventsQueue','ScheduledEvent',NULL,NULL,'ClusterManagement-CleanupOfflineSyncHistory','[]','39c11440-d94f-49fe-97e1-2886bb775eb0',35,'2024-06-29 17:59:57.487000','2024-06-29 18:04:57.194000','2024-06-29 18:04:57.384000','2024-06-29 18:04:57.390000',6,0,NULL,'ClusterManagement-CleanupOfflineSyncHistory',NULL)
DELETE FROM "system$queuedtask" WHERE "id"=7881299348065433
COMMIT
/*C2*/INSERT INTO "system$queuedtask" VALUES(7881299348066600,813,'Idle','59651013-f9bc-4fc1-b435-276439b07899','System.ScheduledEventsQueue','ScheduledEvent',NULL,NULL,'ClusterManagement-CleanupSessions','[]',NULL,NULL,'2024-06-29 18:04:57.389000','2024-06-29 18:09:57.194000',NULL,0,NULL,'ClusterManagement-CleanupSessions',NULL)
INSERT INTO "system$processedqueuetask" VALUES(11258999068594452,805,'Completed','59651013-f9bc-4fc1-b435-276439b07899','System.ScheduledEventsQueue','ScheduledEvent',NULL,NULL,'ClusterManagement-CleanupSessions','[]','39c11440-d94f-49fe-97e1-2886bb775eb0',35,'2024-06-29 17:59:57.501000','2024-06-29 18:04:57.194000','2024-06-29 18:04:57.385000','2024-06-29 18:04:57.391000',6,0,NULL,'ClusterManagement-CleanupSessions',NULL)
DELETE FROM "system$queuedtask" WHERE "id"=7881299348065617
COMMIT
/*C3*/DELETE FROM "system$queuedtask" WHERE "id"=7881299348065746
INSERT INTO "system$queuedtask" VALUES(7881299348065746,806,'Running','59651013-f9bc-4fc1-b435-276439b07899','System.ScheduledEventsQueue','ScheduledEvent',NULL,NULL,'ClusterManagement-UnblockUsers','[]','39c11440-d94f-49fe-97e1-2886bb775eb0',35,'2024-06-29 18:00:01.593000','2024-06-29 18:05:01.194000','2024-06-29 18:05:01.445000',0,NULL,'ClusterManagement-UnblockUsers',NULL)
COMMIT
/*C2*/ALTER SEQUENCE PUBLIC."system$queuedtask_sequence_mxseq" RESTART WITH 815
INSERT INTO "system$queuedtask" VALUES(7881299348066782,814,'Idle','59651013-f9bc-4fc1-b435-276439b07899','System.ScheduledEventsQueue','ScheduledEvent',NULL,NULL,'ClusterManagement-UnblockUsers','[]',NULL,NULL,'2024-06-29 18:05:01.449000','2024-06-29 18:10:01.194000',NULL,0,NULL,'ClusterManagement-UnblockUsers',NULL)
INSERT INTO "system$processedqueuetask" VALUES(11258999068594620,806,'Completed','59651013-f9bc-4fc1-b435-276439b07899','System.ScheduledEventsQueue','ScheduledEvent',NULL,NULL,'ClusterManagement-UnblockUsers','[]','39c11440-d94f-49fe-97e1-2886bb775eb0',35,'2024-06-29 18:00:01.593000','2024-06-29 18:05:01.194000','2024-06-29 18:05:01.445000','2024-06-29 18:05:01.450000',5,0,NULL,'ClusterManagement-UnblockUsers',NULL)
DELETE FROM "system$queuedtask" WHERE "id"=7881299348065746
COMMIT
DELETE FROM "system$queuedtask" WHERE "id"=7881299348065908
INSERT INTO "system$queuedtask" VALUES(7881299348065908,807,'Running','59651013-f9bc-4fc1-b435-276439b07899','System.ScheduledEventsQueue','ScheduledEvent',NULL,NULL,'ClusterManagement-MigrateOldFiles','[]','39c11440-d94f-49fe-97e1-2886bb775eb0',35,'2024-06-29 18:01:37.641000','2024-06-29 18:06:37.194000','2024-06-29 18:06:37.202000',0,NULL,'ClusterManagement-MigrateOldFiles',NULL)
COMMIT
/*C3*/ALTER SEQUENCE PUBLIC."system$queuedtask_sequence_mxseq" RESTART WITH 816
INSERT INTO "system$queuedtask" VALUES(7881299348066906,815,'Idle','59651013-f9bc-4fc1-b435-276439b07899','System.ScheduledEventsQueue','ScheduledEvent',NULL,NULL,'ClusterManagement-MigrateOldFiles','[]',NULL,NULL,'2024-06-29 18:06:37.206000','2024-06-29 18:11:37.194000',NULL,0,NULL,'ClusterManagement-MigrateOldFiles',NULL)
INSERT INTO "system$processedqueuetask" VALUES(11258999068594743,807,'Completed','59651013-f9bc-4fc1-b435-276439b07899','System.ScheduledEventsQueue','ScheduledEvent',NULL,NULL,'ClusterManagement-MigrateOldFiles','[]','39c11440-d94f-49fe-97e1-2886bb775eb0',35,'2024-06-29 18:01:37.641000','2024-06-29 18:06:37.194000','2024-06-29 18:06:37.202000','2024-06-29 18:06:37.207000',5,0,NULL,'ClusterManagement-MigrateOldFiles',NULL)
DELETE FROM "system$queuedtask" WHERE "id"=7881299348065908
COMMIT
DELETE FROM "system$queuedtask" WHERE "id"=7881299348065965
INSERT INTO "system$queuedtask" VALUES(7881299348065965,808,'Running','59651013-f9bc-4fc1-b435-276439b07899','System.ScheduledEventsQueue','ScheduledEvent',NULL,NULL,'ClusterManagement-CleanupOrphanedFiles','[]','39c11440-d94f-49fe-97e1-2886bb775eb0',35,'2024-06-29 18:03:17.587000','2024-06-29 18:08:17.194000','2024-06-29 18:08:18.057000',0,NULL,'ClusterManagement-CleanupOrphanedFiles',NULL)
COMMIT
ALTER SEQUENCE PUBLIC."system$queuedtask_sequence_mxseq" RESTART WITH 817
INSERT INTO "system$queuedtask" VALUES(7881299348067020,816,'Idle','59651013-f9bc-4fc1-b435-276439b07899','System.ScheduledEventsQueue','ScheduledEvent',NULL,NULL,'ClusterManagement-CleanupOrphanedFiles','[]',NULL,NULL,'2024-06-29 18:08:18.059000','2024-06-29 18:13:17.194000',NULL,0,NULL,'ClusterManagement-CleanupOrphanedFiles',NULL)
INSERT INTO "system$processedqueuetask" VALUES(11258999068594847,808,'Completed','59651013-f9bc-4fc1-b435-276439b07899','System.ScheduledEventsQueue','ScheduledEvent',NULL,NULL,'ClusterManagement-CleanupOrphanedFiles','[]','39c11440-d94f-49fe-97e1-2886bb775eb0',35,'2024-06-29 18:03:17.587000','2024-06-29 18:08:17.194000','2024-06-29 18:08:18.057000','2024-06-29 18:08:18.060000',3,0,NULL,'ClusterManagement-CleanupOrphanedFiles',NULL)
DELETE FROM "system$queuedtask" WHERE "id"=7881299348065965
COMMIT
/*C6*/DISCONNECT
/*C3*/DELETE FROM "system$session" WHERE "id"=11540474045188338
INSERT INTO "system$session" VALUES(11540474045188338,'c7119d27-2564-4659-9811-3645ab897810','04fd3421-b2a8-47ce-90c4-0dfac33b9458','2024-06-29 18:08:19.609000',FALSE,'e52fcb55-d77c-43ac-8a23-ab5b196fa9e3',NULL,'2024-06-29 17:59:58.504000')
COMMIT
DELETE FROM "system$xasinstance" WHERE "id"=1407374883655888
INSERT INTO "system$xasinstance" VALUES(1407374883655888,'39c11440-d94f-49fe-97e1-2886bb775eb0','2024-06-29 18:09:57.164000',NULL,NULL,NULL,'2024-06-29 17:59:55.485000')
COMMIT
DELETE FROM "system$queuedtask" WHERE "id"=7881299348066334
DELETE FROM "system$queuedtask" WHERE "id"=7881299348066196
DELETE FROM "system$queuedtask" WHERE "id"=7881299348066522
DELETE FROM "system$queuedtask" WHERE "id"=7881299348066049
DELETE FROM "system$queuedtask" WHERE "id"=7881299348066600
INSERT INTO "system$queuedtask" VALUES(7881299348066334,809,'Running','59651013-f9bc-4fc1-b435-276439b07899','System.ScheduledEventsQueue','ScheduledEvent',NULL,NULL,'ClusterManagement-CleanupOfflineSyncHistory','[]','39c11440-d94f-49fe-97e1-2886bb775eb0',35,'2024-06-29 18:04:57.388000','2024-06-29 18:09:57.194000','2024-06-29 18:09:57.916000',0,NULL,'ClusterManagement-CleanupOfflineSyncHistory',NULL)
INSERT INTO "system$queuedtask" VALUES(7881299348066196,810,'Running','59651013-f9bc-4fc1-b435-276439b07899','System.ScheduledEventsQueue','ScheduledEvent',NULL,NULL,'ClusterManagement-CleanupOfflineGUIDs','[]','39c11440-d94f-49fe-97e1-2886bb775eb0',35,'2024-06-29 18:04:57.388000','2024-06-29 18:09:57.194000','2024-06-29 18:09:57.918000',0,NULL,'ClusterManagement-CleanupOfflineGUIDs',NULL)
INSERT INTO "system$queuedtask" VALUES(7881299348066522,811,'Running','59651013-f9bc-4fc1-b435-276439b07899','System.ScheduledEventsQueue','ScheduledEvent',NULL,NULL,'ClusterManagement-CleanupTmpDocuments','[]','39c11440-d94f-49fe-97e1-2886bb775eb0',35,'2024-06-29 18:04:57.388000','2024-06-29 18:09:57.194000','2024-06-29 18:09:57.918000',0,NULL,'ClusterManagement-CleanupTmpDocuments',NULL)
INSERT INTO "system$queuedtask" VALUES(7881299348066049,812,'Running','59651013-f9bc-4fc1-b435-276439b07899','System.ScheduledEventsQueue','ScheduledEvent',NULL,NULL,'ClusterManagement-CleanupBackgroundJobs','[]','39c11440-d94f-49fe-97e1-2886bb775eb0',35,'2024-06-29 18:04:57.388000','2024-06-29 18:09:57.193000','2024-06-29 18:09:57.919000',0,NULL,'ClusterManagement-CleanupBackgroundJobs',NULL)
INSERT INTO "system$queuedtask" VALUES(7881299348066600,813,'Running','59651013-f9bc-4fc1-b435-276439b07899','System.ScheduledEventsQueue','ScheduledEvent',NULL,NULL,'ClusterManagement-CleanupSessions','[]','39c11440-d94f-49fe-97e1-2886bb775eb0',35,'2024-06-29 18:04:57.389000','2024-06-29 18:09:57.194000','2024-06-29 18:09:57.919000',0,NULL,'ClusterManagement-CleanupSessions',NULL)
COMMIT
/*C4*/ALTER SEQUENCE PUBLIC."system$queuedtask_sequence_mxseq" RESTART WITH 822
/*C7*/ALTER SEQUENCE PUBLIC."system$queuedtask_sequence_mxseq" RESTART WITH 822
/*C3*/ALTER SEQUENCE PUBLIC."system$queuedtask_sequence_mxseq" RESTART WITH 822
/*C5*/ALTER SEQUENCE PUBLIC."system$queuedtask_sequence_mxseq" RESTART WITH 822
/*C3*/INSERT INTO "system$queuedtask" VALUES(7881299348067678,821,'Idle','59651013-f9bc-4fc1-b435-276439b07899','System.ScheduledEventsQueue','ScheduledEvent',NULL,NULL,'ClusterManagement-CleanupSessions','[]',NULL,NULL,'2024-06-29 18:09:57.923000','2024-06-29 18:14:57.194000',NULL,0,NULL,'ClusterManagement-CleanupSessions',NULL)
INSERT INTO "system$processedqueuetask" VALUES(11258999068595091,813,'Completed','59651013-f9bc-4fc1-b435-276439b07899','System.ScheduledEventsQueue','ScheduledEvent',NULL,NULL,'ClusterManagement-CleanupSessions','[]','39c11440-d94f-49fe-97e1-2886bb775eb0',35,'2024-06-29 18:04:57.389000','2024-06-29 18:09:57.194000','2024-06-29 18:09:57.919000','2024-06-29 18:09:57.924000',5,0,NULL,'ClusterManagement-CleanupSessions',NULL)
DELETE FROM "system$queuedtask" WHERE "id"=7881299348066600
COMMIT
/*C4*/INSERT INTO "system$queuedtask" VALUES(7881299348067144,818,'Idle','59651013-f9bc-4fc1-b435-276439b07899','System.ScheduledEventsQueue','ScheduledEvent',NULL,NULL,'ClusterManagement-CleanupTmpDocuments','[]',NULL,NULL,'2024-06-29 18:09:57.923000','2024-06-29 18:14:57.194000',NULL,0,NULL,'ClusterManagement-CleanupTmpDocuments',NULL)
INSERT INTO "system$processedqueuetask" VALUES(11258999068595293,811,'Completed','59651013-f9bc-4fc1-b435-276439b07899','System.ScheduledEventsQueue','ScheduledEvent',NULL,NULL,'ClusterManagement-CleanupTmpDocuments','[]','39c11440-d94f-49fe-97e1-2886bb775eb0',35,'2024-06-29 18:04:57.388000','2024-06-29 18:09:57.194000','2024-06-29 18:09:57.918000','2024-06-29 18:09:57.924000',6,0,NULL,'ClusterManagement-CleanupTmpDocuments',NULL)
DELETE FROM "system$queuedtask" WHERE "id"=7881299348066522
COMMIT
/*C5*/INSERT INTO "system$queuedtask" VALUES(7881299348067358,820,'Idle','59651013-f9bc-4fc1-b435-276439b07899','System.ScheduledEventsQueue','ScheduledEvent',NULL,NULL,'ClusterManagement-CleanupOfflineSyncHistory','[]',NULL,NULL,'2024-06-29 18:09:57.923000','2024-06-29 18:14:57.194000',NULL,0,NULL,'ClusterManagement-CleanupOfflineSyncHistory',NULL)
INSERT INTO "system$processedqueuetask" VALUES(11258999068595458,809,'Completed','59651013-f9bc-4fc1-b435-276439b07899','System.ScheduledEventsQueue','ScheduledEvent',NULL,NULL,'ClusterManagement-CleanupOfflineSyncHistory','[]','39c11440-d94f-49fe-97e1-2886bb775eb0',35,'2024-06-29 18:04:57.388000','2024-06-29 18:09:57.194000','2024-06-29 18:09:57.916000','2024-06-29 18:09:57.924000',8,0,NULL,'ClusterManagement-CleanupOfflineSyncHistory',NULL)
DELETE FROM "system$queuedtask" WHERE "id"=7881299348066334
COMMIT
/*C2*/INSERT INTO "system$queuedtask" VALUES(7881299348067288,819,'Idle','59651013-f9bc-4fc1-b435-276439b07899','System.ScheduledEventsQueue','ScheduledEvent',NULL,NULL,'ClusterManagement-CleanupOfflineGUIDs','[]',NULL,NULL,'2024-06-29 18:09:57.923000','2024-06-29 18:14:57.194000',NULL,0,NULL,'ClusterManagement-CleanupOfflineGUIDs',NULL)
INSERT INTO "system$processedqueuetask" VALUES(11258999068595343,810,'Completed','59651013-f9bc-4fc1-b435-276439b07899','System.ScheduledEventsQueue','ScheduledEvent',NULL,NULL,'ClusterManagement-CleanupOfflineGUIDs','[]','39c11440-d94f-49fe-97e1-2886bb775eb0',35,'2024-06-29 18:04:57.388000','2024-06-29 18:09:57.194000','2024-06-29 18:09:57.918000','2024-06-29 18:09:57.924000',6,0,NULL,'ClusterManagement-CleanupOfflineGUIDs',NULL)
DELETE FROM "system$queuedtask" WHERE "id"=7881299348066196
COMMIT
/*C7*/INSERT INTO "system$queuedtask" VALUES(7881299348067547,817,'Idle','59651013-f9bc-4fc1-b435-276439b07899','System.ScheduledEventsQueue','ScheduledEvent',NULL,NULL,'ClusterManagement-CleanupBackgroundJobs','[]',NULL,NULL,'2024-06-29 18:09:57.923000','2024-06-29 18:14:57.193000',NULL,0,NULL,'ClusterManagement-CleanupBackgroundJobs',NULL)
INSERT INTO "system$processedqueuetask" VALUES(11258999068595007,812,'Completed','59651013-f9bc-4fc1-b435-276439b07899','System.ScheduledEventsQueue','ScheduledEvent',NULL,NULL,'ClusterManagement-CleanupBackgroundJobs','[]','39c11440-d94f-49fe-97e1-2886bb775eb0',35,'2024-06-29 18:04:57.388000','2024-06-29 18:09:57.193000','2024-06-29 18:09:57.919000','2024-06-29 18:09:57.924000',5,0,NULL,'ClusterManagement-CleanupBackgroundJobs',NULL)
DELETE FROM "system$queuedtask" WHERE "id"=7881299348066049
COMMIT
DELETE FROM "system$queuedtask" WHERE "id"=7881299348066782
INSERT INTO "system$queuedtask" VALUES(7881299348066782,814,'Running','59651013-f9bc-4fc1-b435-276439b07899','System.ScheduledEventsQueue','ScheduledEvent',NULL,NULL,'ClusterManagement-UnblockUsers','[]','39c11440-d94f-49fe-97e1-2886bb775eb0',35,'2024-06-29 18:05:01.449000','2024-06-29 18:10:01.194000','2024-06-29 18:10:01.963000',0,NULL,'ClusterManagement-UnblockUsers',NULL)
COMMIT
ALTER SEQUENCE PUBLIC."system$queuedtask_sequence_mxseq" RESTART WITH 823
INSERT INTO "system$queuedtask" VALUES(7881299348067817,822,'Idle','59651013-f9bc-4fc1-b435-276439b07899','System.ScheduledEventsQueue','ScheduledEvent',NULL,NULL,'ClusterManagement-UnblockUsers','[]',NULL,NULL,'2024-06-29 18:10:01.967000','2024-06-29 18:15:01.194000',NULL,0,NULL,'ClusterManagement-UnblockUsers',NULL)
INSERT INTO "system$processedqueuetask" VALUES(11258999068595676,814,'Completed','59651013-f9bc-4fc1-b435-276439b07899','System.ScheduledEventsQueue','ScheduledEvent',NULL,NULL,'ClusterManagement-UnblockUsers','[]','39c11440-d94f-49fe-97e1-2886bb775eb0',35,'2024-06-29 18:05:01.449000','2024-06-29 18:10:01.194000','2024-06-29 18:10:01.963000','2024-06-29 18:10:01.968000',5,0,NULL,'ClusterManagement-UnblockUsers',NULL)
DELETE FROM "system$queuedtask" WHERE "id"=7881299348066782
COMMIT
/*C2*/DELETE FROM "system$queuedtask" WHERE "id"=7881299348066906
INSERT INTO "system$queuedtask" VALUES(7881299348066906,815,'Running','59651013-f9bc-4fc1-b435-276439b07899','System.ScheduledEventsQueue','ScheduledEvent',NULL,NULL,'ClusterManagement-MigrateOldFiles','[]','39c11440-d94f-49fe-97e1-2886bb775eb0',35,'2024-06-29 18:06:37.206000','2024-06-29 18:11:37.194000','2024-06-29 18:11:37.745000',0,NULL,'ClusterManagement-MigrateOldFiles',NULL)
COMMIT
ALTER SEQUENCE PUBLIC."system$queuedtask_sequence_mxseq" RESTART WITH 824
INSERT INTO "system$queuedtask" VALUES(7881299348067859,823,'Idle','59651013-f9bc-4fc1-b435-276439b07899','System.ScheduledEventsQueue','ScheduledEvent',NULL,NULL,'ClusterManagement-MigrateOldFiles','[]',NULL,NULL,'2024-06-29 18:11:37.749000','2024-06-29 18:16:37.194000',NULL,0,NULL,'ClusterManagement-MigrateOldFiles',NULL)
INSERT INTO "system$processedqueuetask" VALUES(11258999068595739,815,'Completed','59651013-f9bc-4fc1-b435-276439b07899','System.ScheduledEventsQueue','ScheduledEvent',NULL,NULL,'ClusterManagement-MigrateOldFiles','[]','39c11440-d94f-49fe-97e1-2886bb775eb0',35,'2024-06-29 18:06:37.206000','2024-06-29 18:11:37.194000','2024-06-29 18:11:37.745000','2024-06-29 18:11:37.750000',5,0,NULL,'ClusterManagement-MigrateOldFiles',NULL)
DELETE FROM "system$queuedtask" WHERE "id"=7881299348066906
COMMIT
